<?xml version="1.0" encoding="UTF-8"?>
<testng-results ignored="0" total="2" passed="2" failed="0" skipped="0">
  <reporter-output>
  </reporter-output>
  <suite started-at="2023-04-04T23:51:47 IST" name="Default suite" finished-at="2023-04-04T23:51:59 IST" duration-ms="11872">
    <groups>
    </groups>
    <test started-at="2023-04-04T23:51:47 IST" name="Default test" finished-at="2023-04-04T23:51:59 IST" duration-ms="11872">
      <class name="mytests.HomePageTest">
        <test-method is-config="true" signature="setUp()[pri:0, instance:mytests.HomePageTest@351d00c0]" started-at="2023-04-04T23:51:47 IST" name="setUp" finished-at="2023-04-04T23:51:59 IST" duration-ms="11188" status="PASS">
          <reporter-output>
          </reporter-output>
        </test-method> <!-- setUp -->
        <test-method signature="contactFooterTest()[pri:0, instance:mytests.HomePageTest@351d00c0]" started-at="2023-04-04T23:51:59 IST" name="contactFooterTest" finished-at="2023-04-04T23:51:59 IST" duration-ms="133" status="PASS">
          <reporter-output>
          </reporter-output>
        </test-method> <!-- contactFooterTest -->
        <test-method signature="headerTest()[pri:0, instance:mytests.HomePageTest@351d00c0]" started-at="2023-04-04T23:51:59 IST" name="headerTest" finished-at="2023-04-04T23:51:59 IST" duration-ms="105" status="PASS">
          <reporter-output>
          </reporter-output>
        </test-method> <!-- headerTest -->
        <test-method is-config="true" signature="tearDown()[pri:0, instance:mytests.HomePageTest@351d00c0]" started-at="2023-04-04T23:51:59 IST" name="tearDown" finished-at="2023-04-04T23:51:59 IST" duration-ms="368" status="PASS">
          <reporter-output>
          </reporter-output>
        </test-method> <!-- tearDown -->
      </class> <!-- mytests.HomePageTest -->
    </test> <!-- Default test -->
  </suite> <!-- Default suite -->
</testng-results>
